2012/06/30 22:56:54 [error] [exception.CDbException] exception 'CDbException' with message 'CDbConnection 无法开启数据库连线: SQLSTATE[28000] [1045] Access denied for user 'root'@'localhost' (using password: YES)' in D:\xampp\htdocs\yii\framework\db\CDbConnection.php:364
Stack trace:
#0 D:\xampp\htdocs\yii\framework\db\CDbConnection.php(313): CDbConnection->open()
#1 D:\xampp\htdocs\yii\framework\db\CDbConnection.php(291): CDbConnection->setActive(true)
#2 D:\xampp\htdocs\yii\framework\base\CModule.php(372): CDbConnection->init()
#3 D:\xampp\htdocs\yii\framework\base\CApplication.php(429): CModule->getComponent('db')
#4 D:\xampp\htdocs\yii\framework\db\ar\CActiveRecord.php(609): CApplication->getDb()
#5 D:\xampp\htdocs\yii\framework\db\ar\CActiveRecord.php(2275): CActiveRecord->getDbConnection()
#6 D:\xampp\htdocs\yii\framework\db\ar\CActiveRecord.php(372): CActiveRecordMetaData->__construct(Object(OrderState))
#7 D:\xampp\htdocs\yii\framework\web\CActiveDataProvider.php(72): CActiveRecord::model('OrderState')
#8 D:\xampp\htdocs\ShiningTown\protected\controllers\OrderController.php(206): CActiveDataProvider->__construct('OrderState')
#9 D:\xampp\htdocs\yii\framework\web\actions\CInlineAction.php(50): OrderController->actionIndex()
#10 D:\xampp\htdocs\yii\framework\web\CController.php(300): CInlineAction->runWithParams(Array)
#11 D:\xampp\htdocs\yii\framework\web\filters\CFilterChain.php(134): CController->runAction(Object(CInlineAction))
#12 D:\xampp\htdocs\yii\framework\web\filters\CFilter.php(41): CFilterChain->run()
#13 D:\xampp\htdocs\yii\framework\web\CController.php(1144): CFilter->filter(Object(CFilterChain))
#14 D:\xampp\htdocs\yii\framework\web\filters\CInlineFilter.php(59): CController->filterAccessControl(Object(CFilterChain))
#15 D:\xampp\htdocs\yii\framework\web\filters\CFilterChain.php(131): CInlineFilter->filter(Object(CFilterChain))
#16 D:\xampp\htdocs\yii\framework\web\CController.php(283): CFilterChain->run()
#17 D:\xampp\htdocs\yii\framework\web\CController.php(257): CController->runActionWithFilters(Object(CInlineAction), Array)
#18 D:\xampp\htdocs\yii\framework\web\CWebApplication.php(277): CController->run('')
#19 D:\xampp\htdocs\yii\framework\web\CWebApplication.php(136): CWebApplication->runController('')
#20 D:\xampp\htdocs\yii\framework\base\CApplication.php(158): CWebApplication->processRequest()
#21 D:\xampp\htdocs\ShiningTown\index.php(14): CApplication->run()
#22 {main} REQUEST_URI=/shiningtown/
